<?xml version="1.0" encoding="UTF-8"?>
<!-- Generated by org.testng.reporters.JUnitReportReporter -->
<testsuite hostname="LAPTOP-JJ18N9U4" failures="0" tests="1" name="rahulshetty.pageobject.NewTest" time="0.015" errors="0" timestamp="2022-12-28T17:22:28 GMT-07:00" skipped="0">
  <testcase classname="rahulshetty.pageobject.NewTest" name="f" time="0.015"/>
  <system-out/>
</testsuite> <!-- rahulshetty.pageobject.NewTest -->
